2024-12-27 22:09:52 INFO  TC001_AccountRegistrationTest:19 - ***** Starting TC001_AccountRegistrationTest *****
2024-12-27 22:09:52 INFO  TC001_AccountRegistrationTest:22 - clicked on MyAccount Link
2024-12-27 22:09:53 INFO  TC001_AccountRegistrationTest:24 - clicked on ClickRegister Link
2024-12-27 22:09:53 INFO  TC001_AccountRegistrationTest:28 - Providing customer details...
2024-12-27 22:09:58 INFO  TC001_AccountRegistrationTest:42 - Validating expected message...
22:29:50.040 [main] INFO  testCases.TC001_AccountRegistrationTest - ***** Starting TC001_AccountRegistrationTest *****
22:29:50.665 [main] INFO  testCases.TC001_AccountRegistrationTest - clicked on MyAccount Link
22:29:51.273 [main] INFO  testCases.TC001_AccountRegistrationTest - clicked on ClickRegister Link
22:29:51.278 [main] INFO  testCases.TC001_AccountRegistrationTest - Providing customer details...
22:29:57.083 [main] INFO  testCases.TC001_AccountRegistrationTest - Validating expected message...
22:40:09.622 [main] INFO  testCases.TC001_AccountRegistrationTest - ***** Starting TC001_AccountRegistrationTest *****
22:40:10.206 [main] INFO  testCases.TC001_AccountRegistrationTest - clicked on MyAccount Link
22:40:10.940 [main] INFO  testCases.TC001_AccountRegistrationTest - clicked on ClickRegister Link
22:40:10.943 [main] INFO  testCases.TC001_AccountRegistrationTest - Providing customer details...
22:40:16.660 [main] INFO  testCases.TC001_AccountRegistrationTest - Validating expected message...
22:40:16.724 [main] ERROR testCases.TC001_AccountRegistrationTest - Test failed...
22:40:16.728 [main] INFO  testCases.TC001_AccountRegistrationTest - ***** Finished TC001_AccountRegistrationTest *****
22:42:39.943 [main] INFO  testCases.TC001_AccountRegistrationTest - ***** Starting TC001_AccountRegistrationTest *****
22:42:40.536 [main] INFO  testCases.TC001_AccountRegistrationTest - clicked on MyAccount Link
22:42:41.119 [main] INFO  testCases.TC001_AccountRegistrationTest - clicked on ClickRegister Link
22:42:41.124 [main] INFO  testCases.TC001_AccountRegistrationTest - Providing customer details...
22:42:46.712 [main] INFO  testCases.TC001_AccountRegistrationTest - Validating expected message...
22:42:46.783 [main] INFO  testCases.TC001_AccountRegistrationTest - ***** Finished TC001_AccountRegistrationTest *****
23:05:45.347 [main] INFO  testCases.TC001_AccountRegistrationTest - ***** Starting TC001_AccountRegistrationTest *****
23:05:45.641 [main] INFO  testCases.TC001_AccountRegistrationTest - clicked on MyAccount Link
23:05:46.342 [main] INFO  testCases.TC001_AccountRegistrationTest - clicked on ClickRegister Link
23:05:46.348 [main] INFO  testCases.TC001_AccountRegistrationTest - Providing customer details...
23:05:52.156 [main] INFO  testCases.TC001_AccountRegistrationTest - Validating expected message...
23:05:52.191 [main] INFO  testCases.TC001_AccountRegistrationTest - ***** Finished TC001_AccountRegistrationTest *****
23:06:14.885 [main] INFO  testCases.TC001_AccountRegistrationTest - ***** Starting TC001_AccountRegistrationTest *****
23:06:15.079 [main] INFO  testCases.TC001_AccountRegistrationTest - clicked on MyAccount Link
23:06:15.763 [main] INFO  testCases.TC001_AccountRegistrationTest - clicked on ClickRegister Link
23:06:15.770 [main] INFO  testCases.TC001_AccountRegistrationTest - Providing customer details...
23:06:21.572 [main] INFO  testCases.TC001_AccountRegistrationTest - Validating expected message...
23:06:21.620 [main] INFO  testCases.TC001_AccountRegistrationTest - ***** Finished TC001_AccountRegistrationTest *****
23:23:19.714 [main] INFO  testCases.TC001_AccountRegistrationTest - ***** Starting TC001_AccountRegistrationTest *****
23:23:20.245 [main] INFO  testCases.TC001_AccountRegistrationTest - clicked on MyAccount Link
23:23:20.980 [main] INFO  testCases.TC001_AccountRegistrationTest - clicked on ClickRegister Link
23:23:20.986 [main] INFO  testCases.TC001_AccountRegistrationTest - Providing customer details...
23:23:26.628 [main] INFO  testCases.TC001_AccountRegistrationTest - Validating expected message...
23:23:26.696 [main] INFO  testCases.TC001_AccountRegistrationTest - ***** Finished TC001_AccountRegistrationTest *****
23:23:32.049 [main] INFO  testCases.TC001_AccountRegistrationTest - ***** Starting TC001_AccountRegistrationTest *****
23:23:32.199 [main] INFO  testCases.TC001_AccountRegistrationTest - clicked on MyAccount Link
23:23:33.209 [main] INFO  testCases.TC001_AccountRegistrationTest - clicked on ClickRegister Link
23:23:33.210 [main] INFO  testCases.TC001_AccountRegistrationTest - Providing customer details...
23:23:38.884 [main] INFO  testCases.TC001_AccountRegistrationTest - Validating expected message...
23:23:38.929 [main] INFO  testCases.TC001_AccountRegistrationTest - ***** Finished TC001_AccountRegistrationTest *****
23:27:36.248 [TestNG-tests-1] INFO  testCases.TC001_AccountRegistrationTest - ***** Starting TC001_AccountRegistrationTest *****
23:27:36.445 [TestNG-tests-2] INFO  testCases.TC001_AccountRegistrationTest - ***** Starting TC001_AccountRegistrationTest *****
23:27:36.815 [TestNG-tests-1] INFO  testCases.TC001_AccountRegistrationTest - clicked on MyAccount Link
23:27:36.927 [TestNG-tests-2] INFO  testCases.TC001_AccountRegistrationTest - clicked on MyAccount Link
23:27:37.651 [TestNG-tests-1] INFO  testCases.TC001_AccountRegistrationTest - clicked on ClickRegister Link
23:27:37.663 [TestNG-tests-1] INFO  testCases.TC001_AccountRegistrationTest - Providing customer details...
23:27:37.748 [TestNG-tests-2] INFO  testCases.TC001_AccountRegistrationTest - clicked on ClickRegister Link
23:27:37.749 [TestNG-tests-2] INFO  testCases.TC001_AccountRegistrationTest - Providing customer details...
23:27:43.787 [TestNG-tests-1] INFO  testCases.TC001_AccountRegistrationTest - Validating expected message...
23:27:43.826 [TestNG-tests-1] INFO  testCases.TC001_AccountRegistrationTest - ***** Finished TC001_AccountRegistrationTest *****
23:27:44.251 [TestNG-tests-2] INFO  testCases.TC001_AccountRegistrationTest - Validating expected message...
23:27:44.285 [TestNG-tests-2] INFO  testCases.TC001_AccountRegistrationTest - ***** Finished TC001_AccountRegistrationTest *****
23:49:16.669 [main] INFO  testCases.TC001_AccountRegistrationTest - ***** Starting TC001_AccountRegistrationTest *****
23:49:17.203 [main] INFO  testCases.TC001_AccountRegistrationTest - clicked on MyAccount Link
23:49:17.959 [main] INFO  testCases.TC001_AccountRegistrationTest - clicked on ClickRegister Link
23:49:17.965 [main] INFO  testCases.TC001_AccountRegistrationTest - Providing customer details...
23:49:23.817 [main] INFO  testCases.TC001_AccountRegistrationTest - Validating expected message...
23:49:23.887 [main] INFO  testCases.TC001_AccountRegistrationTest - ***** Finished TC001_AccountRegistrationTest *****
12:04:56.279 [main] INFO  testCases.TC001_AccountRegistrationTest - ***** Starting TC001_AccountRegistrationTest *****
12:04:56.813 [main] INFO  testCases.TC001_AccountRegistrationTest - clicked on MyAccount Link
12:04:57.461 [main] INFO  testCases.TC001_AccountRegistrationTest - clicked on ClickRegister Link
12:04:57.475 [main] INFO  testCases.TC001_AccountRegistrationTest - Providing customer details...
12:05:03.098 [main] INFO  testCases.TC001_AccountRegistrationTest - Validating expected message...
12:05:03.145 [main] INFO  testCases.TC001_AccountRegistrationTest - ***** Finished TC001_AccountRegistrationTest *****
12:05:07.649 [main] INFO  testCases.TC002_LoginTest - ****Starting TC_002_LoginTest****
12:05:08.181 [main] INFO  testCases.TC002_LoginTest - Clicked on myaccount...
12:05:08.713 [main] INFO  testCases.TC002_LoginTest - Clicked on login...
12:07:18.128 [main] INFO  testCases.TC002_LoginTest - ****Starting TC_002_LoginTest****
12:07:18.582 [main] INFO  testCases.TC002_LoginTest - Clicked on myaccount...
12:07:18.928 [main] INFO  testCases.TC002_LoginTest - Clicked on login...
14:15:11.796 [main] INFO  testCases.TC002_LoginTest - ****Starting TC_002_LoginTest****
14:15:11.945 [main] INFO  testCases.TC002_LoginTest - Clicked on myaccount...
14:15:12.358 [main] INFO  testCases.TC002_LoginTest - Clicked on login...
14:46:28.609 [main] INFO  testCases.TC002_LoginTest - ****Starting TC_002_LoginTest****
14:46:29.061 [main] INFO  testCases.TC002_LoginTest - Clicked on myaccount...
14:46:29.482 [main] INFO  testCases.TC002_LoginTest - Clicked on login...
14:49:26.251 [main] INFO  testCases.TC001_AccountRegistrationTest - ***** Starting TC001_AccountRegistrationTest *****
14:49:26.781 [main] INFO  testCases.TC001_AccountRegistrationTest - clicked on MyAccount Link
14:49:27.289 [main] INFO  testCases.TC001_AccountRegistrationTest - clicked on ClickRegister Link
14:49:27.297 [main] INFO  testCases.TC001_AccountRegistrationTest - Providing customer details...
14:49:32.947 [main] INFO  testCases.TC001_AccountRegistrationTest - Validating expected message...
14:49:33.042 [main] INFO  testCases.TC001_AccountRegistrationTest - ***** Finished TC001_AccountRegistrationTest *****
14:49:36.120 [main] INFO  testCases.TC002_LoginTest - ****Starting TC_002_LoginTest****
14:49:36.473 [main] INFO  testCases.TC002_LoginTest - Clicked on myaccount...
14:49:36.856 [main] INFO  testCases.TC002_LoginTest - Clicked on login...
14:52:29.406 [main] INFO  testCases.TC002_LoginTest - ****Starting TC_002_LoginTest****
14:52:29.863 [main] INFO  testCases.TC002_LoginTest - Clicked on myaccount...
14:52:30.369 [main] INFO  testCases.TC002_LoginTest - Clicked on login...
14:52:31.269 [main] INFO  testCases.TC002_LoginTest - Entered email and password and clicked on login button...
14:59:51.663 [main] INFO  testCases.TC002_LoginTest - ****Starting TC_002_LoginTest****
14:59:52.100 [main] INFO  testCases.TC002_LoginTest - Clicked on myaccount...
14:59:52.581 [main] INFO  testCases.TC002_LoginTest - Clicked on login...
14:59:57.524 [main] INFO  testCases.TC002_LoginTest - Entered email and password and clicked on login button...
13:45:15.539 [main] INFO  testCases.TC003_LoginDataDrivenTest - **** Starting TC_003_LoginDDT ****
13:45:15.655 [main] INFO  testCases.TC003_LoginDataDrivenTest - Clicked on myaccount...
13:45:16.021 [main] INFO  testCases.TC003_LoginDataDrivenTest - Clicked on login...
13:45:21.220 [main] INFO  testCases.TC003_LoginDataDrivenTest - Entered email and password and clicked on login button...
13:45:21.817 [main] INFO  testCases.TC003_LoginDataDrivenTest - **** Finished TC_003_LoginDDT ****
13:45:21.832 [main] INFO  testCases.TC003_LoginDataDrivenTest - **** Starting TC_003_LoginDDT ****
13:45:21.937 [main] INFO  testCases.TC003_LoginDataDrivenTest - Clicked on myaccount...
13:45:22.251 [main] INFO  testCases.TC003_LoginDataDrivenTest - Clicked on login...
13:45:27.078 [main] INFO  testCases.TC003_LoginDataDrivenTest - Entered email and password and clicked on login button...
13:45:37.161 [main] INFO  testCases.TC003_LoginDataDrivenTest - **** Finished TC_003_LoginDDT ****
13:45:37.179 [main] INFO  testCases.TC003_LoginDataDrivenTest - **** Starting TC_003_LoginDDT ****
13:45:37.278 [main] INFO  testCases.TC003_LoginDataDrivenTest - Clicked on myaccount...
13:45:37.799 [main] INFO  testCases.TC003_LoginDataDrivenTest - Clicked on login...
13:45:42.549 [main] INFO  testCases.TC003_LoginDataDrivenTest - Entered email and password and clicked on login button...
13:45:52.648 [main] INFO  testCases.TC003_LoginDataDrivenTest - **** Finished TC_003_LoginDDT ****
13:45:52.662 [main] INFO  testCases.TC003_LoginDataDrivenTest - **** Starting TC_003_LoginDDT ****
13:45:52.816 [main] INFO  testCases.TC003_LoginDataDrivenTest - Clicked on myaccount...
13:45:53.285 [main] INFO  testCases.TC003_LoginDataDrivenTest - Clicked on login...
13:45:58.370 [main] INFO  testCases.TC003_LoginDataDrivenTest - Entered email and password and clicked on login button...
13:45:59.125 [main] INFO  testCases.TC003_LoginDataDrivenTest - **** Finished TC_003_LoginDDT ****
13:52:05.870 [main] INFO  testCases.TC003_LoginDataDrivenTest - **** Starting TC_003_LoginDDT ****
13:52:06.033 [main] INFO  testCases.TC003_LoginDataDrivenTest - Clicked on myaccount...
13:52:06.424 [main] INFO  testCases.TC003_LoginDataDrivenTest - Clicked on login...
13:52:11.426 [main] INFO  testCases.TC003_LoginDataDrivenTest - Entered email and password and clicked on login button...
13:52:12.000 [main] INFO  testCases.TC003_LoginDataDrivenTest - **** Finished TC_003_LoginDDT *****
13:52:12.013 [main] INFO  testCases.TC003_LoginDataDrivenTest - **** Starting TC_003_LoginDDT ****
13:52:12.088 [main] INFO  testCases.TC003_LoginDataDrivenTest - Clicked on myaccount...
13:52:12.444 [main] INFO  testCases.TC003_LoginDataDrivenTest - Clicked on login...
13:52:17.143 [main] INFO  testCases.TC003_LoginDataDrivenTest - Entered email and password and clicked on login button...
13:52:27.252 [main] INFO  testCases.TC003_LoginDataDrivenTest - **** Finished TC_003_LoginDDT *****
13:52:27.260 [main] INFO  testCases.TC003_LoginDataDrivenTest - **** Starting TC_003_LoginDDT ****
13:52:27.372 [main] INFO  testCases.TC003_LoginDataDrivenTest - Clicked on myaccount...
13:52:27.852 [main] INFO  testCases.TC003_LoginDataDrivenTest - Clicked on login...
13:52:32.691 [main] INFO  testCases.TC003_LoginDataDrivenTest - Entered email and password and clicked on login button...
13:52:42.788 [main] INFO  testCases.TC003_LoginDataDrivenTest - **** Finished TC_003_LoginDDT *****
13:52:42.803 [main] INFO  testCases.TC003_LoginDataDrivenTest - **** Starting TC_003_LoginDDT ****
13:52:42.938 [main] INFO  testCases.TC003_LoginDataDrivenTest - Clicked on myaccount...
13:52:43.433 [main] INFO  testCases.TC003_LoginDataDrivenTest - Clicked on login...
13:52:48.420 [main] INFO  testCases.TC003_LoginDataDrivenTest - Entered email and password and clicked on login button...
13:52:49.053 [main] INFO  testCases.TC003_LoginDataDrivenTest - **** Finished TC_003_LoginDDT *****
14:04:55.738 [main] INFO  testCases.TC_003_LoginDataDrivenTest - **** Starting TC_003_LoginDDT *****
14:04:57.978 [main] INFO  testCases.TC_003_LoginDataDrivenTest - **** Finished TC_003_LoginDDT *****
14:04:57.989 [main] INFO  testCases.TC_003_LoginDataDrivenTest - **** Starting TC_003_LoginDDT *****
14:05:09.265 [main] INFO  testCases.TC_003_LoginDataDrivenTest - **** Finished TC_003_LoginDDT *****
14:05:09.271 [main] INFO  testCases.TC_003_LoginDataDrivenTest - **** Starting TC_003_LoginDDT *****
14:05:20.765 [main] INFO  testCases.TC_003_LoginDataDrivenTest - **** Finished TC_003_LoginDDT *****
14:05:20.773 [main] INFO  testCases.TC_003_LoginDataDrivenTest - **** Starting TC_003_LoginDDT *****
14:05:22.898 [main] INFO  testCases.TC_003_LoginDataDrivenTest - **** Finished TC_003_LoginDDT *****
17:14:21.991 [main] INFO  testCases.TC001_AccountRegistrationTest - ***** Starting TC001_AccountRegistrationTest *****
17:14:22.216 [main] INFO  testCases.TC001_AccountRegistrationTest - clicked on MyAccount Link
17:14:22.851 [main] INFO  testCases.TC001_AccountRegistrationTest - clicked on ClickRegister Link
17:14:22.856 [main] INFO  testCases.TC001_AccountRegistrationTest - Providing customer details...
17:14:28.525 [main] INFO  testCases.TC001_AccountRegistrationTest - Validating expected message...
17:14:28.570 [main] INFO  testCases.TC001_AccountRegistrationTest - ***** Finished TC001_AccountRegistrationTest *****
17:14:32.070 [main] INFO  testCases.TC002_LoginTest - ****Starting TC_002_LoginTest****
17:14:32.318 [main] INFO  testCases.TC002_LoginTest - Clicked on myaccount...
17:14:32.780 [main] INFO  testCases.TC002_LoginTest - Clicked on login...
17:14:37.754 [main] INFO  testCases.TC002_LoginTest - Entered email and password and clicked on login button...
17:16:38.210 [main] INFO  testCases.TC001_AccountRegistrationTest - ***** Starting TC001_AccountRegistrationTest *****
17:16:38.730 [main] INFO  testCases.TC001_AccountRegistrationTest - clicked on MyAccount Link
17:16:39.492 [main] INFO  testCases.TC001_AccountRegistrationTest - clicked on ClickRegister Link
17:16:39.500 [main] INFO  testCases.TC001_AccountRegistrationTest - Providing customer details...
17:16:45.133 [main] INFO  testCases.TC001_AccountRegistrationTest - Validating expected message...
17:16:45.210 [main] INFO  testCases.TC001_AccountRegistrationTest - ***** Finished TC001_AccountRegistrationTest *****
17:16:48.867 [main] INFO  testCases.TC002_LoginTest - ****Starting TC_002_LoginTest****
17:16:49.127 [main] INFO  testCases.TC002_LoginTest - Clicked on myaccount...
17:16:49.555 [main] INFO  testCases.TC002_LoginTest - Clicked on login...
17:16:54.713 [main] INFO  testCases.TC002_LoginTest - Entered email and password and clicked on login button...
17:16:54.792 [main] INFO  testCases.TC002_LoginTest - ****Finished TC_002_LoginTest****
17:22:18.626 [main] INFO  testCases.TC002_LoginTest - ****Starting TC_002_LoginTest****
17:22:18.851 [main] INFO  testCases.TC002_LoginTest - Clicked on myaccount...
17:22:19.283 [main] INFO  testCases.TC002_LoginTest - Clicked on login...
17:22:24.567 [main] INFO  testCases.TC002_LoginTest - Entered email and password and clicked on login button...
17:22:24.658 [main] INFO  testCases.TC002_LoginTest - ****Finished TC_002_LoginTest****
17:22:40.444 [main] INFO  testCases.TC002_LoginTest - ****Starting TC_002_LoginTest****
17:22:40.707 [main] INFO  testCases.TC002_LoginTest - Clicked on myaccount...
17:22:41.113 [main] INFO  testCases.TC002_LoginTest - Clicked on login...
17:22:46.327 [main] INFO  testCases.TC002_LoginTest - Entered email and password and clicked on login button...
17:22:46.425 [main] INFO  testCases.TC002_LoginTest - ****Finished TC_002_LoginTest****
20:51:25.126 [main] INFO  testCases.TC001_AccountRegistrationTest - ***** Starting TC001_AccountRegistrationTest *****
20:51:25.283 [main] INFO  testCases.TC001_AccountRegistrationTest - clicked on MyAccount Link
20:51:26.036 [main] INFO  testCases.TC001_AccountRegistrationTest - clicked on ClickRegister Link
20:51:26.047 [main] INFO  testCases.TC001_AccountRegistrationTest - Providing customer details...
20:51:31.696 [main] INFO  testCases.TC001_AccountRegistrationTest - Validating expected message...
20:51:31.771 [main] INFO  testCases.TC001_AccountRegistrationTest - ***** Finished TC001_AccountRegistrationTest *****
20:51:35.844 [main] INFO  testCases.TC002_LoginTest - ****Starting TC_002_LoginTest****
20:51:36.244 [main] INFO  testCases.TC002_LoginTest - Clicked on myaccount...
20:51:36.771 [main] INFO  testCases.TC002_LoginTest - Clicked on login...
20:51:41.923 [main] INFO  testCases.TC002_LoginTest - Entered email and password and clicked on login button...
20:51:42.004 [main] INFO  testCases.TC002_LoginTest - ****Finished TC_002_LoginTest****
20:55:02.519 [main] INFO  testCases.TC001_AccountRegistrationTest - ***** Starting TC001_AccountRegistrationTest *****
20:55:02.675 [main] INFO  testCases.TC001_AccountRegistrationTest - clicked on MyAccount Link
20:55:03.667 [main] INFO  testCases.TC001_AccountRegistrationTest - clicked on ClickRegister Link
20:55:03.675 [main] INFO  testCases.TC001_AccountRegistrationTest - Providing customer details...
20:55:09.506 [main] INFO  testCases.TC001_AccountRegistrationTest - Validating expected message...
20:55:09.595 [main] INFO  testCases.TC001_AccountRegistrationTest - ***** Finished TC001_AccountRegistrationTest *****
20:55:15.457 [main] INFO  testCases.TC002_LoginTest - ****Starting TC_002_LoginTest****
20:55:15.603 [main] INFO  testCases.TC002_LoginTest - Clicked on myaccount...
20:55:16.044 [main] INFO  testCases.TC002_LoginTest - Clicked on login...
20:55:21.122 [main] INFO  testCases.TC002_LoginTest - Entered email and password and clicked on login button...
21:08:31.143 [main] INFO  testCases.TC002_LoginTest - ****Starting TC_002_LoginTest****
21:08:31.332 [main] INFO  testCases.TC002_LoginTest - Clicked on myaccount...
21:08:31.770 [main] INFO  testCases.TC002_LoginTest - Clicked on login...
21:08:36.909 [main] INFO  testCases.TC002_LoginTest - Entered email and password and clicked on login button...
21:08:36.988 [main] INFO  testCases.TC002_LoginTest - ****Finished TC_002_LoginTest****
23:18:10.203 [main] INFO  testCases.TC001_AccountRegistrationTest - ***** Starting TC001_AccountRegistrationTest *****
23:18:10.398 [main] INFO  testCases.TC001_AccountRegistrationTest - clicked on MyAccount Link
23:18:11.026 [main] INFO  testCases.TC001_AccountRegistrationTest - clicked on ClickRegister Link
23:18:11.034 [main] INFO  testCases.TC001_AccountRegistrationTest - Providing customer details...
23:18:16.653 [main] INFO  testCases.TC001_AccountRegistrationTest - Validating expected message...
23:18:16.700 [main] INFO  testCases.TC001_AccountRegistrationTest - ***** Finished TC001_AccountRegistrationTest *****
23:18:20.249 [main] INFO  testCases.TC002_LoginTest - ****Starting TC_002_LoginTest****
23:18:20.844 [main] INFO  testCases.TC002_LoginTest - Clicked on myaccount...
23:18:21.291 [main] INFO  testCases.TC002_LoginTest - Clicked on login...
23:18:26.707 [main] INFO  testCases.TC002_LoginTest - Entered email and password and clicked on login button...
23:18:26.781 [main] INFO  testCases.TC002_LoginTest - ****Finished TC_002_LoginTest****
23:19:40.668 [main] INFO  testCases.TC001_AccountRegistrationTest - ***** Starting TC001_AccountRegistrationTest *****
23:19:40.992 [main] INFO  testCases.TC001_AccountRegistrationTest - clicked on MyAccount Link
23:19:41.705 [main] INFO  testCases.TC001_AccountRegistrationTest - clicked on ClickRegister Link
23:19:41.713 [main] INFO  testCases.TC001_AccountRegistrationTest - Providing customer details...
23:19:47.380 [main] INFO  testCases.TC001_AccountRegistrationTest - Validating expected message...
23:19:47.459 [main] INFO  testCases.TC001_AccountRegistrationTest - ***** Finished TC001_AccountRegistrationTest *****
23:19:51.155 [main] INFO  testCases.TC002_LoginTest - ****Starting TC_002_LoginTest****
23:19:51.366 [main] INFO  testCases.TC002_LoginTest - Clicked on myaccount...
23:19:51.780 [main] INFO  testCases.TC002_LoginTest - Clicked on login...
23:19:57.176 [main] INFO  testCases.TC002_LoginTest - Entered email and password and clicked on login button...
23:19:57.276 [main] INFO  testCases.TC002_LoginTest - ****Finished TC_002_LoginTest****
23:21:07.110 [main] INFO  testCases.TC001_AccountRegistrationTest - ***** Starting TC001_AccountRegistrationTest *****
23:21:07.630 [main] INFO  testCases.TC001_AccountRegistrationTest - clicked on MyAccount Link
23:21:08.425 [main] INFO  testCases.TC001_AccountRegistrationTest - clicked on ClickRegister Link
23:21:08.432 [main] INFO  testCases.TC001_AccountRegistrationTest - Providing customer details...
23:21:14.291 [main] INFO  testCases.TC001_AccountRegistrationTest - Validating expected message...
23:21:14.369 [main] INFO  testCases.TC001_AccountRegistrationTest - ***** Finished TC001_AccountRegistrationTest *****
23:21:17.729 [main] INFO  testCases.TC002_LoginTest - ****Starting TC_002_LoginTest****
23:21:18.275 [main] INFO  testCases.TC002_LoginTest - Clicked on myaccount...
23:21:18.697 [main] INFO  testCases.TC002_LoginTest - Clicked on login...
23:21:23.822 [main] INFO  testCases.TC002_LoginTest - Entered email and password and clicked on login button...
23:21:23.907 [main] INFO  testCases.TC002_LoginTest - ****Finished TC_002_LoginTest****
23:22:35.582 [TestNG-tests-1] INFO  testCases.TC001_AccountRegistrationTest - ***** Starting TC001_AccountRegistrationTest *****
23:22:37.875 [TestNG-tests-2] INFO  testCases.TC001_AccountRegistrationTest - ***** Starting TC001_AccountRegistrationTest *****
23:22:38.053 [TestNG-tests-1] INFO  testCases.TC001_AccountRegistrationTest - clicked on MyAccount Link
23:22:38.203 [TestNG-tests-2] INFO  testCases.TC001_AccountRegistrationTest - clicked on MyAccount Link
21:33:06.613 [main] INFO  testCases.TC001_AccountRegistrationTest - ***** Starting TC001_AccountRegistrationTest *****
21:33:06.889 [main] INFO  testCases.TC001_AccountRegistrationTest - clicked on MyAccount Link
21:33:08.547 [main] INFO  testCases.TC001_AccountRegistrationTest - clicked on ClickRegister Link
21:33:08.554 [main] INFO  testCases.TC001_AccountRegistrationTest - Providing customer details...
21:33:14.838 [main] INFO  testCases.TC001_AccountRegistrationTest - Validating expected message...
21:33:14.940 [main] INFO  testCases.TC001_AccountRegistrationTest - ***** Finished TC001_AccountRegistrationTest *****
21:33:18.124 [main] INFO  testCases.TC002_LoginTest - ****Starting TC_002_LoginTest****
21:33:18.357 [main] INFO  testCases.TC002_LoginTest - Clicked on myaccount...
21:33:18.932 [main] INFO  testCases.TC002_LoginTest - Clicked on login...
21:33:24.380 [main] INFO  testCases.TC002_LoginTest - Entered email and password and clicked on login button...
21:33:24.489 [main] INFO  testCases.TC002_LoginTest - ****Finished TC_002_LoginTest****
21:33:34.302 [main] INFO  testCases.TC001_AccountRegistrationTest - ***** Starting TC001_AccountRegistrationTest *****
21:33:34.624 [main] INFO  testCases.TC001_AccountRegistrationTest - clicked on MyAccount Link
21:33:35.444 [main] INFO  testCases.TC001_AccountRegistrationTest - clicked on ClickRegister Link
21:33:35.445 [main] INFO  testCases.TC001_AccountRegistrationTest - Providing customer details...
21:33:41.415 [main] INFO  testCases.TC001_AccountRegistrationTest - Validating expected message...
21:33:41.491 [main] INFO  testCases.TC001_AccountRegistrationTest - ***** Finished TC001_AccountRegistrationTest *****
21:33:49.022 [main] INFO  testCases.TC002_LoginTest - ****Starting TC_002_LoginTest****
21:33:49.324 [main] INFO  testCases.TC002_LoginTest - Clicked on myaccount...
21:33:49.822 [main] INFO  testCases.TC002_LoginTest - Clicked on login...
21:33:54.879 [main] INFO  testCases.TC002_LoginTest - Entered email and password and clicked on login button...
21:33:54.946 [main] INFO  testCases.TC002_LoginTest - ****Finished TC_002_LoginTest****
22:40:06.234 [main] INFO  testCases.TC001_AccountRegistrationTest - ***** Starting TC001_AccountRegistrationTest *****
22:40:07.499 [main] INFO  testCases.TC001_AccountRegistrationTest - clicked on MyAccount Link
22:40:08.903 [main] INFO  testCases.TC001_AccountRegistrationTest - clicked on ClickRegister Link
22:40:08.918 [main] INFO  testCases.TC001_AccountRegistrationTest - Providing customer details...
22:40:15.785 [main] INFO  testCases.TC001_AccountRegistrationTest - Validating expected message...
22:40:15.895 [main] INFO  testCases.TC001_AccountRegistrationTest - ***** Finished TC001_AccountRegistrationTest *****
22:40:18.897 [main] INFO  testCases.TC002_LoginTest - ****Starting TC_002_LoginTest****
22:40:19.232 [main] INFO  testCases.TC002_LoginTest - Clicked on myaccount...
22:40:19.759 [main] INFO  testCases.TC002_LoginTest - Clicked on login...
22:40:25.353 [main] INFO  testCases.TC002_LoginTest - Entered email and password and clicked on login button...
22:40:25.471 [main] INFO  testCases.TC002_LoginTest - ****Finished TC_002_LoginTest****
22:40:35.615 [main] INFO  testCases.TC001_AccountRegistrationTest - ***** Starting TC001_AccountRegistrationTest *****
22:40:35.948 [main] INFO  testCases.TC001_AccountRegistrationTest - clicked on MyAccount Link
22:40:36.766 [main] INFO  testCases.TC001_AccountRegistrationTest - clicked on ClickRegister Link
22:40:36.767 [main] INFO  testCases.TC001_AccountRegistrationTest - Providing customer details...
22:40:42.559 [main] INFO  testCases.TC001_AccountRegistrationTest - Validating expected message...
22:40:42.627 [main] INFO  testCases.TC001_AccountRegistrationTest - ***** Finished TC001_AccountRegistrationTest *****
22:40:49.318 [main] INFO  testCases.TC002_LoginTest - ****Starting TC_002_LoginTest****
22:40:49.629 [main] INFO  testCases.TC002_LoginTest - Clicked on myaccount...
22:40:50.216 [main] INFO  testCases.TC002_LoginTest - Clicked on login...
22:40:55.587 [main] INFO  testCases.TC002_LoginTest - Entered email and password and clicked on login button...
22:40:55.654 [main] INFO  testCases.TC002_LoginTest - ****Finished TC_002_LoginTest****
15:05:31.408 [main] INFO  org.testng.internal.Utils - [TestNG] Running:
  C:\Workspaces-Restart\Vishnu's_Work\OpencartV121\mastertestng.xml

15:25:12.150 [main] INFO  org.testng.internal.Utils - [TestNG] Running:
  C:\Workspaces-Restart\Vishnu's_Work\OpencartV121\mastertestng.xml

15:25:21.974 [main] INFO  testCases.TC001_AccountRegistrationTest - ***** Starting TC001_AccountRegistrationTest *****
15:25:22.421 [main] INFO  testCases.TC001_AccountRegistrationTest - clicked on MyAccount Link
15:25:23.255 [main] INFO  testCases.TC001_AccountRegistrationTest - clicked on ClickRegister Link
15:25:23.267 [main] INFO  testCases.TC001_AccountRegistrationTest - Providing customer details...
15:25:29.162 [main] INFO  testCases.TC001_AccountRegistrationTest - Validating expected message...
15:25:29.243 [main] INFO  testCases.TC001_AccountRegistrationTest - ***** Finished TC001_AccountRegistrationTest *****
15:25:32.847 [main] INFO  testCases.TC002_LoginTest - ****Starting TC_002_LoginTest****
15:25:33.347 [main] INFO  testCases.TC002_LoginTest - Clicked on myaccount...
15:25:33.790 [main] INFO  testCases.TC002_LoginTest - Clicked on login...
15:25:38.905 [main] INFO  testCases.TC002_LoginTest - Entered email and password and clicked on login button...
15:25:38.985 [main] INFO  testCases.TC002_LoginTest - ****Finished TC_002_LoginTest****
17:37:37.848 [main] INFO  testCases.TC001_AccountRegistrationTest - ***** Starting TC001_AccountRegistrationTest *****
17:37:38.408 [main] INFO  testCases.TC001_AccountRegistrationTest - clicked on MyAccount Link
17:37:39.211 [main] INFO  testCases.TC001_AccountRegistrationTest - clicked on ClickRegister Link
17:37:39.219 [main] INFO  testCases.TC001_AccountRegistrationTest - Providing customer details...
17:37:45.053 [main] INFO  testCases.TC001_AccountRegistrationTest - Validating expected message...
17:37:45.102 [main] INFO  testCases.TC001_AccountRegistrationTest - ***** Finished TC001_AccountRegistrationTest *****
17:37:49.471 [main] INFO  testCases.TC002_LoginTest - ****Starting TC_002_LoginTest****
17:37:49.663 [main] INFO  testCases.TC002_LoginTest - Clicked on myaccount...
17:37:50.189 [main] INFO  testCases.TC002_LoginTest - Clicked on login...
17:37:55.514 [main] INFO  testCases.TC002_LoginTest - Entered email and password and clicked on login button...
17:37:55.630 [main] INFO  testCases.TC002_LoginTest - ****Finished TC_002_LoginTest****
17:50:32.637 [main] INFO  testCases.TC001_AccountRegistrationTest - ***** Starting TC001_AccountRegistrationTest *****
17:50:33.203 [main] INFO  testCases.TC001_AccountRegistrationTest - clicked on MyAccount Link
17:50:34.177 [main] INFO  testCases.TC001_AccountRegistrationTest - clicked on ClickRegister Link
17:50:34.184 [main] INFO  testCases.TC001_AccountRegistrationTest - Providing customer details...
17:50:39.946 [main] INFO  testCases.TC001_AccountRegistrationTest - Validating expected message...
17:50:40.077 [main] INFO  testCases.TC001_AccountRegistrationTest - ***** Finished TC001_AccountRegistrationTest *****
17:50:48.956 [main] INFO  testCases.TC002_LoginTest - ****Starting TC_002_LoginTest****
17:50:49.626 [main] INFO  testCases.TC002_LoginTest - Clicked on myaccount...
17:50:50.172 [main] INFO  testCases.TC002_LoginTest - Clicked on login...
17:50:55.365 [main] INFO  testCases.TC002_LoginTest - Entered email and password and clicked on login button...
17:50:55.483 [main] INFO  testCases.TC002_LoginTest - ****Finished TC_002_LoginTest****
